<?xml version="1.0" encoding="UTF-8"?>
<testsuite name="me.dio.ApplicationTests" tests="1" skipped="0" failures="0" errors="0" timestamp="2023-09-25T17:26:18" hostname="LAPTOP-LUCAS" time="0.872">
  <properties/>
  <testcase name="contextLoads()" classname="me.dio.ApplicationTests" time="0.872"/>
  <system-out><![CDATA[14:26:10.699 [Test worker] INFO org.springframework.test.context.support.AnnotationConfigContextLoaderUtils -- Could not detect default configuration classes for test class [me.dio.ApplicationTests]: ApplicationTests does not declare any static, non-private, non-final, nested classes annotated with @Configuration.
14:26:10.898 [Test worker] INFO org.springframework.boot.test.context.SpringBootTestContextBootstrapper -- Found @SpringBootConfiguration me.dio.Application for test class me.dio.ApplicationTests

  .   ____          _            __ _ _
 /\\ / ___'_ __ _ _(_)_ __  __ _ \ \ \ \
( ( )\___ | '_ | '_| | '_ \/ _` | \ \ \ \
 \\/  ___)| |_)| | | | | || (_| |  ) ) ) )
  '  |____| .__|_| |_|_| |_\__, | / / / /
 =========|_|==============|___/=/_/_/_/
 :: Spring Boot ::                (v3.1.1)

2023-09-25T14:26:11.519-03:00  INFO 15332 --- [    Test worker] me.dio.ApplicationTests                  : Starting ApplicationTests using Java 17.0.6 with PID 15332 (started by Lucas in C:\Users\Lucas\Downloads\santander-dev-week-2023-api-main\santander-dev-week-2023-api-main)
2023-09-25T14:26:11.523-03:00  INFO 15332 --- [    Test worker] me.dio.ApplicationTests                  : No active profile set, falling back to 1 default profile: "default"
2023-09-25T14:26:12.802-03:00  INFO 15332 --- [    Test worker] .s.d.r.c.RepositoryConfigurationDelegate : Bootstrapping Spring Data JPA repositories in DEFAULT mode.
2023-09-25T14:26:12.915-03:00  INFO 15332 --- [    Test worker] .s.d.r.c.RepositoryConfigurationDelegate : Finished Spring Data repository scanning in 96 ms. Found 1 JPA repository interfaces.
2023-09-25T14:26:13.592-03:00  INFO 15332 --- [    Test worker] com.zaxxer.hikari.HikariDataSource       : HikariPool-1 - Starting...
2023-09-25T14:26:13.894-03:00  INFO 15332 --- [    Test worker] com.zaxxer.hikari.pool.HikariPool        : HikariPool-1 - Added connection conn0: url=jdbc:h2:mem:5a4eaab4-5091-4fbd-b683-cfc658629102 user=SA
2023-09-25T14:26:13.898-03:00  INFO 15332 --- [    Test worker] com.zaxxer.hikari.HikariDataSource       : HikariPool-1 - Start completed.
2023-09-25T14:26:14.003-03:00  INFO 15332 --- [    Test worker] o.hibernate.jpa.internal.util.LogHelper  : HHH000204: Processing PersistenceUnitInfo [name: default]
2023-09-25T14:26:14.116-03:00  INFO 15332 --- [    Test worker] org.hibernate.Version                    : HHH000412: Hibernate ORM core version 6.2.5.Final
2023-09-25T14:26:14.120-03:00  INFO 15332 --- [    Test worker] org.hibernate.cfg.Environment            : HHH000406: Using bytecode reflection optimizer
2023-09-25T14:26:14.376-03:00  INFO 15332 --- [    Test worker] o.h.b.i.BytecodeProviderInitiator        : HHH000021: Bytecode provider name : bytebuddy
2023-09-25T14:26:14.621-03:00  INFO 15332 --- [    Test worker] o.s.o.j.p.SpringPersistenceUnitInfo      : No LoadTimeWeaver setup: ignoring JPA class transformer
2023-09-25T14:26:15.188-03:00  INFO 15332 --- [    Test worker] o.h.b.i.BytecodeProviderInitiator        : HHH000021: Bytecode provider name : bytebuddy
2023-09-25T14:26:16.284-03:00  INFO 15332 --- [    Test worker] o.h.e.t.j.p.i.JtaPlatformInitiator       : HHH000490: Using JtaPlatform implementation: [org.hibernate.engine.transaction.jta.platform.internal.NoJtaPlatform]
2023-09-25T14:26:16.393-03:00  INFO 15332 --- [    Test worker] j.LocalContainerEntityManagerFactoryBean : Initialized JPA EntityManagerFactory for persistence unit 'default'
2023-09-25T14:26:17.336-03:00  WARN 15332 --- [    Test worker] JpaBaseConfiguration$JpaWebConfiguration : spring.jpa.open-in-view is enabled by default. Therefore, database queries may be performed during view rendering. Explicitly configure spring.jpa.open-in-view to disable this warning
2023-09-25T14:26:18.042-03:00  INFO 15332 --- [    Test worker] me.dio.ApplicationTests                  : Started ApplicationTests in 6.875 seconds (process running for 8.939)
]]></system-out>
  <system-err><![CDATA[]]></system-err>
</testsuite>
